The system is: Linux - 5.10.4-3-MANJARO - x86_64
Compiling the C compiler identification source file "CMakeCCompilerId.c" succeeded.
Compiler: /usr/lib/ccache/bin/cc 
Build flags: -march=x86-64;-mtune=generic;-O2;-pipe;-fno-plt
Id flags:  

The output was:
0


Compilation of the C compiler identification source "CMakeCCompilerId.c" produced "a.out"

The C compiler identification is GNU, found in "/mnt/storage/pkgbuilds/liborcania/src/build/CMakeFiles/3.19.2/CompilerIdC/a.out"

Detecting C compiler ABI info compiled with the following output:
Change Dir: /mnt/storage/pkgbuilds/liborcania/src/build/CMakeFiles/CMakeTmp

Run Build Command(s):/usr/bin/make cmTC_82eeb/fast && /usr/bin/make  -f CMakeFiles/cmTC_82eeb.dir/build.make CMakeFiles/cmTC_82eeb.dir/build
make[1]: Entering directory '/mnt/storage/pkgbuilds/liborcania/src/build/CMakeFiles/CMakeTmp'
Building C object CMakeFiles/cmTC_82eeb.dir/CMakeCCompilerABI.c.o
/usr/lib/ccache/bin/cc   -D_FORTIFY_SOURCE=2 -march=x86-64 -mtune=generic -O2 -pipe -fno-plt    -v -o CMakeFiles/cmTC_82eeb.dir/CMakeCCompilerABI.c.o -c /usr/share/cmake-3.19/Modules/CMakeCCompilerABI.c
Using built-in specs.
COLLECT_GCC=/usr/bin/cc
Target: x86_64-pc-linux-gnu
Configured with: /build/gcc/src/gcc/configure --prefix=/usr --libdir=/usr/lib --libexecdir=/usr/lib --mandir=/usr/share/man --infodir=/usr/share/info --with-bugurl=https://bugs.archlinux.org/ --enable-languages=c,c++,ada,fortran,go,lto,objc,obj-c++,d --with-isl --with-linker-hash-style=gnu --with-system-zlib --enable-__cxa_atexit --enable-cet=auto --enable-checking=release --enable-clocale=gnu --enable-default-pie --enable-default-ssp --enable-gnu-indirect-function --enable-gnu-unique-object --enable-install-libiberty --enable-linker-build-id --enable-lto --enable-multilib --enable-plugin --enable-shared --enable-threads=posix --disable-libssp --disable-libstdcxx-pch --disable-libunwind-exceptions --disable-werror gdc_include_dir=/usr/include/dlang/gdc
Thread model: posix
Supported LTO compression algorithms: zlib zstd
gcc version 10.2.0 (GCC) 
COLLECT_GCC_OPTIONS='-march=x86-64' '-mtune=generic' '-O2' '-pipe' '-fno-plt' '-v' '-D' '_FORTIFY_SOURCE=2' '-c' '-o' 'CMakeFiles/cmTC_23c88.dir/CMakeCCompilerABI.c.o'
 /usr/lib/gcc/x86_64-pc-linux-gnu/10.2.0/cc1 -quiet -v -D _FORTIFY_SOURCE=2 /usr/share/cmake-3.19/Modules/CMakeCCompilerABI.c -quiet -dumpbase CMakeCCompilerABI.c -march=x86-64 -mtune=generic -auxbase-strip CMakeFiles/cmTC_23c88.dir/CMakeCCompilerABI.c.o -O2 -version -fno-plt -o - |
 as -v --64 -o CMakeFiles/cmTC_23c88.dir/CMakeCCompilerABI.c.o
GNU assembler version 2.35.1 (x86_64-pc-linux-gnu) using BFD version (GNU Binutils) 2.35.1
GNU C17 (GCC) version 10.2.0 (x86_64-pc-linux-gnu)
	compiled by GNU C version 10.2.0, GMP version 6.2.0, MPFR version 4.1.0, MPC version 1.1.0, isl version isl-0.21-GMP

GGC heuristics: --param ggc-min-expand=100 --param ggc-min-heapsize=131072
ignoring nonexistent directory "/usr/lib/gcc/x86_64-pc-linux-gnu/10.2.0/../../../../x86_64-pc-linux-gnu/include"
#include "..." search starts here:
#include <...> search starts here:
 /usr/lib/gcc/x86_64-pc-linux-gnu/10.2.0/include
 /usr/local/include
 /usr/lib/gcc/x86_64-pc-linux-gnu/10.2.0/include-fixed
 /usr/include
End of search list.
GNU C17 (GCC) version 10.2.0 (x86_64-pc-linux-gnu)
	compiled by GNU C version 10.2.0, GMP version 6.2.0, MPFR version 4.1.0, MPC version 1.1.0, isl version isl-0.21-GMP

GGC heuristics: --param ggc-min-expand=100 --param ggc-min-heapsize=131072
Compiler executable checksum: 81412c83e0c3f5014cd5328f9bc3d624
COMPILER_PATH=/usr/lib/gcc/x86_64-pc-linux-gnu/10.2.0/:/usr/lib/gcc/x86_64-pc-linux-gnu/10.2.0/:/usr/lib/gcc/x86_64-pc-linux-gnu/:/usr/lib/gcc/x86_64-pc-linux-gnu/10.2.0/:/usr/lib/gcc/x86_64-pc-linux-gnu/
LIBRARY_PATH=/usr/lib/gcc/x86_64-pc-linux-gnu/10.2.0/:/usr/lib/gcc/x86_64-pc-linux-gnu/10.2.0/../../../../lib/:/lib/../lib/:/usr/lib/../lib/:/usr/lib/gcc/x86_64-pc-linux-gnu/10.2.0/../../../:/lib/:/usr/lib/
COLLECT_GCC_OPTIONS='-march=x86-64' '-mtune=generic' '-O2' '-pipe' '-fno-plt' '-v' '-D' '_FORTIFY_SOURCE=2' '-c' '-o' 'CMakeFiles/cmTC_23c88.dir/CMakeCCompilerABI.c.o'
Linking C executable cmTC_82eeb
/usr/bin/cmake -E cmake_link_script CMakeFiles/cmTC_82eeb.dir/link.txt --verbose=1
/usr/lib/ccache/bin/cc -D_FORTIFY_SOURCE=2 -march=x86-64 -mtune=generic -O2 -pipe -fno-plt  -Wl,-O1,--sort-common,--as-needed,-z,relro,-z,now -v CMakeFiles/cmTC_82eeb.dir/CMakeCCompilerABI.c.o -o cmTC_82eeb 
Using built-in specs.
COLLECT_GCC=/usr/bin/cc
COLLECT_LTO_WRAPPER=/usr/lib/gcc/x86_64-pc-linux-gnu/10.2.0/lto-wrapper
Target: x86_64-pc-linux-gnu
Configured with: /build/gcc/src/gcc/configure --prefix=/usr --libdir=/usr/lib --libexecdir=/usr/lib --mandir=/usr/share/man --infodir=/usr/share/info --with-bugurl=https://bugs.archlinux.org/ --enable-languages=c,c++,ada,fortran,go,lto,objc,obj-c++,d --with-isl --with-linker-hash-style=gnu --with-system-zlib --enable-__cxa_atexit --enable-cet=auto --enable-checking=release --enable-clocale=gnu --enable-default-pie --enable-default-ssp --enable-gnu-indirect-function --enable-gnu-unique-object --enable-install-libiberty --enable-linker-build-id --enable-lto --enable-multilib --enable-plugin --enable-shared --enable-threads=posix --disable-libssp --disable-libstdcxx-pch --disable-libunwind-exceptions --disable-werror gdc_include_dir=/usr/include/dlang/gdc
Thread model: posix
Supported LTO compression algorithms: zlib zstd
gcc version 10.2.0 (GCC) 
COMPILER_PATH=/usr/lib/gcc/x86_64-pc-linux-gnu/10.2.0/:/usr/lib/gcc/x86_64-pc-linux-gnu/10.2.0/:/usr/lib/gcc/x86_64-pc-linux-gnu/:/usr/lib/gcc/x86_64-pc-linux-gnu/10.2.0/:/usr/lib/gcc/x86_64-pc-linux-gnu/
LIBRARY_PATH=/usr/lib/gcc/x86_64-pc-linux-gnu/10.2.0/:/usr/lib/gcc/x86_64-pc-linux-gnu/10.2.0/../../../../lib/:/lib/../lib/:/usr/lib/../lib/:/usr/lib/gcc/x86_64-pc-linux-gnu/10.2.0/../../../:/lib/:/usr/lib/
COLLECT_GCC_OPTIONS='-D' '_FORTIFY_SOURCE=2' '-march=x86-64' '-mtune=generic' '-O2' '-pipe' '-fno-plt' '-v' '-o' 'cmTC_82eeb'
 /usr/lib/gcc/x86_64-pc-linux-gnu/10.2.0/collect2 -plugin /usr/lib/gcc/x86_64-pc-linux-gnu/10.2.0/liblto_plugin.so -plugin-opt=/usr/lib/gcc/x86_64-pc-linux-gnu/10.2.0/lto-wrapper -plugin-opt=-fresolution=/tmp/ccDsBJqF.res -plugin-opt=-pass-through=-lgcc -plugin-opt=-pass-through=-lgcc_s -plugin-opt=-pass-through=-lc -plugin-opt=-pass-through=-lgcc -plugin-opt=-pass-through=-lgcc_s --build-id --eh-frame-hdr --hash-style=gnu -m elf_x86_64 -dynamic-linker /lib64/ld-linux-x86-64.so.2 -pie -o cmTC_82eeb /usr/lib/gcc/x86_64-pc-linux-gnu/10.2.0/../../../../lib/Scrt1.o /usr/lib/gcc/x86_64-pc-linux-gnu/10.2.0/../../../../lib/crti.o /usr/lib/gcc/x86_64-pc-linux-gnu/10.2.0/crtbeginS.o -L/usr/lib/gcc/x86_64-pc-linux-gnu/10.2.0 -L/usr/lib/gcc/x86_64-pc-linux-gnu/10.2.0/../../../../lib -L/lib/../lib -L/usr/lib/../lib -L/usr/lib/gcc/x86_64-pc-linux-gnu/10.2.0/../../.. -O1 --sort-common --as-needed -z relro -z now CMakeFiles/cmTC_82eeb.dir/CMakeCCompilerABI.c.o -lgcc --push-state --as-needed -lgcc_s --pop-state -lc -lgcc --push-state --as-needed -lgcc_s --pop-state /usr/lib/gcc/x86_64-pc-linux-gnu/10.2.0/crtendS.o /usr/lib/gcc/x86_64-pc-linux-gnu/10.2.0/../../../../lib/crtn.o
COLLECT_GCC_OPTIONS='-D' '_FORTIFY_SOURCE=2' '-march=x86-64' '-mtune=generic' '-O2' '-pipe' '-fno-plt' '-v' '-o' 'cmTC_82eeb'
make[1]: Leaving directory '/mnt/storage/pkgbuilds/liborcania/src/build/CMakeFiles/CMakeTmp'



Parsed C implicit include dir info from above output: rv=done
  found start of include info
  found start of implicit include info
    add: [/usr/lib/gcc/x86_64-pc-linux-gnu/10.2.0/include]
    add: [/usr/local/include]
    add: [/usr/lib/gcc/x86_64-pc-linux-gnu/10.2.0/include-fixed]
    add: [/usr/include]
  end of search list found
  collapse include dir [/usr/lib/gcc/x86_64-pc-linux-gnu/10.2.0/include] ==> [/usr/lib/gcc/x86_64-pc-linux-gnu/10.2.0/include]
  collapse include dir [/usr/local/include] ==> [/usr/local/include]
  collapse include dir [/usr/lib/gcc/x86_64-pc-linux-gnu/10.2.0/include-fixed] ==> [/usr/lib/gcc/x86_64-pc-linux-gnu/10.2.0/include-fixed]
  collapse include dir [/usr/include] ==> [/usr/include]
  implicit include dirs: [/usr/lib/gcc/x86_64-pc-linux-gnu/10.2.0/include;/usr/local/include;/usr/lib/gcc/x86_64-pc-linux-gnu/10.2.0/include-fixed;/usr/include]


Parsed C implicit link information from above output:
  link line regex: [^( *|.*[/\])(ld|CMAKE_LINK_STARTFILE-NOTFOUND|([^/\]+-)?ld|collect2)[^/\]*( |$)]
  ignore line: [Change Dir: /mnt/storage/pkgbuilds/liborcania/src/build/CMakeFiles/CMakeTmp]
  ignore line: []
  ignore line: [Run Build Command(s):/usr/bin/make cmTC_82eeb/fast && /usr/bin/make  -f CMakeFiles/cmTC_82eeb.dir/build.make CMakeFiles/cmTC_82eeb.dir/build]
  ignore line: [make[1]: Entering directory '/mnt/storage/pkgbuilds/liborcania/src/build/CMakeFiles/CMakeTmp']
  ignore line: [Building C object CMakeFiles/cmTC_82eeb.dir/CMakeCCompilerABI.c.o]
  ignore line: [/usr/lib/ccache/bin/cc   -D_FORTIFY_SOURCE=2 -march=x86-64 -mtune=generic -O2 -pipe -fno-plt    -v -o CMakeFiles/cmTC_82eeb.dir/CMakeCCompilerABI.c.o -c /usr/share/cmake-3.19/Modules/CMakeCCompilerABI.c]
  ignore line: [Using built-in specs.]
  ignore line: [COLLECT_GCC=/usr/bin/cc]
  ignore line: [Target: x86_64-pc-linux-gnu]
  ignore line: [Configured with: /build/gcc/src/gcc/configure --prefix=/usr --libdir=/usr/lib --libexecdir=/usr/lib --mandir=/usr/share/man --infodir=/usr/share/info --with-bugurl=https://bugs.archlinux.org/ --enable-languages=c c++ ada fortran go lto objc obj-c++ d --with-isl --with-linker-hash-style=gnu --with-system-zlib --enable-__cxa_atexit --enable-cet=auto --enable-checking=release --enable-clocale=gnu --enable-default-pie --enable-default-ssp --enable-gnu-indirect-function --enable-gnu-unique-object --enable-install-libiberty --enable-linker-build-id --enable-lto --enable-multilib --enable-plugin --enable-shared --enable-threads=posix --disable-libssp --disable-libstdcxx-pch --disable-libunwind-exceptions --disable-werror gdc_include_dir=/usr/include/dlang/gdc]
  ignore line: [Thread model: posix]
  ignore line: [Supported LTO compression algorithms: zlib zstd]
  ignore line: [gcc version 10.2.0 (GCC) ]
  ignore line: [COLLECT_GCC_OPTIONS='-march=x86-64' '-mtune=generic' '-O2' '-pipe' '-fno-plt' '-v' '-D' '_FORTIFY_SOURCE=2' '-c' '-o' 'CMakeFiles/cmTC_23c88.dir/CMakeCCompilerABI.c.o']
  ignore line: [ /usr/lib/gcc/x86_64-pc-linux-gnu/10.2.0/cc1 -quiet -v -D _FORTIFY_SOURCE=2 /usr/share/cmake-3.19/Modules/CMakeCCompilerABI.c -quiet -dumpbase CMakeCCompilerABI.c -march=x86-64 -mtune=generic -auxbase-strip CMakeFiles/cmTC_23c88.dir/CMakeCCompilerABI.c.o -O2 -version -fno-plt -o - |]
  ignore line: [ as -v --64 -o CMakeFiles/cmTC_23c88.dir/CMakeCCompilerABI.c.o]
  ignore line: [GNU assembler version 2.35.1 (x86_64-pc-linux-gnu) using BFD version (GNU Binutils) 2.35.1]
  ignore line: [GNU C17 (GCC) version 10.2.0 (x86_64-pc-linux-gnu)]
  ignore line: [	compiled by GNU C version 10.2.0  GMP version 6.2.0  MPFR version 4.1.0  MPC version 1.1.0  isl version isl-0.21-GMP]
  ignore line: []
  ignore line: [GGC heuristics: --param ggc-min-expand=100 --param ggc-min-heapsize=131072]
  ignore line: [ignoring nonexistent directory "/usr/lib/gcc/x86_64-pc-linux-gnu/10.2.0/../../../../x86_64-pc-linux-gnu/include"]
  ignore line: [#include "..." search starts here:]
  ignore line: [#include <...> search starts here:]
  ignore line: [ /usr/lib/gcc/x86_64-pc-linux-gnu/10.2.0/include]
  ignore line: [ /usr/local/include]
  ignore line: [ /usr/lib/gcc/x86_64-pc-linux-gnu/10.2.0/include-fixed]
  ignore line: [ /usr/include]
  ignore line: [End of search list.]
  ignore line: [GNU C17 (GCC) version 10.2.0 (x86_64-pc-linux-gnu)]
  ignore line: [	compiled by GNU C version 10.2.0  GMP version 6.2.0  MPFR version 4.1.0  MPC version 1.1.0  isl version isl-0.21-GMP]
  ignore line: []
  ignore line: [GGC heuristics: --param ggc-min-expand=100 --param ggc-min-heapsize=131072]
  ignore line: [Compiler executable checksum: 81412c83e0c3f5014cd5328f9bc3d624]
  ignore line: [COMPILER_PATH=/usr/lib/gcc/x86_64-pc-linux-gnu/10.2.0/:/usr/lib/gcc/x86_64-pc-linux-gnu/10.2.0/:/usr/lib/gcc/x86_64-pc-linux-gnu/:/usr/lib/gcc/x86_64-pc-linux-gnu/10.2.0/:/usr/lib/gcc/x86_64-pc-linux-gnu/]
  ignore line: [LIBRARY_PATH=/usr/lib/gcc/x86_64-pc-linux-gnu/10.2.0/:/usr/lib/gcc/x86_64-pc-linux-gnu/10.2.0/../../../../lib/:/lib/../lib/:/usr/lib/../lib/:/usr/lib/gcc/x86_64-pc-linux-gnu/10.2.0/../../../:/lib/:/usr/lib/]
  ignore line: [COLLECT_GCC_OPTIONS='-march=x86-64' '-mtune=generic' '-O2' '-pipe' '-fno-plt' '-v' '-D' '_FORTIFY_SOURCE=2' '-c' '-o' 'CMakeFiles/cmTC_23c88.dir/CMakeCCompilerABI.c.o']
  ignore line: [Linking C executable cmTC_82eeb]
  ignore line: [/usr/bin/cmake -E cmake_link_script CMakeFiles/cmTC_82eeb.dir/link.txt --verbose=1]
  ignore line: [/usr/lib/ccache/bin/cc -D_FORTIFY_SOURCE=2 -march=x86-64 -mtune=generic -O2 -pipe -fno-plt  -Wl -O1 --sort-common --as-needed -z relro -z now -v CMakeFiles/cmTC_82eeb.dir/CMakeCCompilerABI.c.o -o cmTC_82eeb ]
  ignore line: [Using built-in specs.]
  ignore line: [COLLECT_GCC=/usr/bin/cc]
  ignore line: [COLLECT_LTO_WRAPPER=/usr/lib/gcc/x86_64-pc-linux-gnu/10.2.0/lto-wrapper]
  ignore line: [Target: x86_64-pc-linux-gnu]
  ignore line: [Configured with: /build/gcc/src/gcc/configure --prefix=/usr --libdir=/usr/lib --libexecdir=/usr/lib --mandir=/usr/share/man --infodir=/usr/share/info --with-bugurl=https://bugs.archlinux.org/ --enable-languages=c c++ ada fortran go lto objc obj-c++ d --with-isl --with-linker-hash-style=gnu --with-system-zlib --enable-__cxa_atexit --enable-cet=auto --enable-checking=release --enable-clocale=gnu --enable-default-pie --enable-default-ssp --enable-gnu-indirect-function --enable-gnu-unique-object --enable-install-libiberty --enable-linker-build-id --enable-lto --enable-multilib --enable-plugin --enable-shared --enable-threads=posix --disable-libssp --disable-libstdcxx-pch --disable-libunwind-exceptions --disable-werror gdc_include_dir=/usr/include/dlang/gdc]
  ignore line: [Thread model: posix]
  ignore line: [Supported LTO compression algorithms: zlib zstd]
  ignore line: [gcc version 10.2.0 (GCC) ]
  ignore line: [COMPILER_PATH=/usr/lib/gcc/x86_64-pc-linux-gnu/10.2.0/:/usr/lib/gcc/x86_64-pc-linux-gnu/10.2.0/:/usr/lib/gcc/x86_64-pc-linux-gnu/:/usr/lib/gcc/x86_64-pc-linux-gnu/10.2.0/:/usr/lib/gcc/x86_64-pc-linux-gnu/]
  ignore line: [LIBRARY_PATH=/usr/lib/gcc/x86_64-pc-linux-gnu/10.2.0/:/usr/lib/gcc/x86_64-pc-linux-gnu/10.2.0/../../../../lib/:/lib/../lib/:/usr/lib/../lib/:/usr/lib/gcc/x86_64-pc-linux-gnu/10.2.0/../../../:/lib/:/usr/lib/]
  ignore line: [COLLECT_GCC_OPTIONS='-D' '_FORTIFY_SOURCE=2' '-march=x86-64' '-mtune=generic' '-O2' '-pipe' '-fno-plt' '-v' '-o' 'cmTC_82eeb']
  link line: [ /usr/lib/gcc/x86_64-pc-linux-gnu/10.2.0/collect2 -plugin /usr/lib/gcc/x86_64-pc-linux-gnu/10.2.0/liblto_plugin.so -plugin-opt=/usr/lib/gcc/x86_64-pc-linux-gnu/10.2.0/lto-wrapper -plugin-opt=-fresolution=/tmp/ccDsBJqF.res -plugin-opt=-pass-through=-lgcc -plugin-opt=-pass-through=-lgcc_s -plugin-opt=-pass-through=-lc -plugin-opt=-pass-through=-lgcc -plugin-opt=-pass-through=-lgcc_s --build-id --eh-frame-hdr --hash-style=gnu -m elf_x86_64 -dynamic-linker /lib64/ld-linux-x86-64.so.2 -pie -o cmTC_82eeb /usr/lib/gcc/x86_64-pc-linux-gnu/10.2.0/../../../../lib/Scrt1.o /usr/lib/gcc/x86_64-pc-linux-gnu/10.2.0/../../../../lib/crti.o /usr/lib/gcc/x86_64-pc-linux-gnu/10.2.0/crtbeginS.o -L/usr/lib/gcc/x86_64-pc-linux-gnu/10.2.0 -L/usr/lib/gcc/x86_64-pc-linux-gnu/10.2.0/../../../../lib -L/lib/../lib -L/usr/lib/../lib -L/usr/lib/gcc/x86_64-pc-linux-gnu/10.2.0/../../.. -O1 --sort-common --as-needed -z relro -z now CMakeFiles/cmTC_82eeb.dir/CMakeCCompilerABI.c.o -lgcc --push-state --as-needed -lgcc_s --pop-state -lc -lgcc --push-state --as-needed -lgcc_s --pop-state /usr/lib/gcc/x86_64-pc-linux-gnu/10.2.0/crtendS.o /usr/lib/gcc/x86_64-pc-linux-gnu/10.2.0/../../../../lib/crtn.o]
    arg [/usr/lib/gcc/x86_64-pc-linux-gnu/10.2.0/collect2] ==> ignore
    arg [-plugin] ==> ignore
    arg [/usr/lib/gcc/x86_64-pc-linux-gnu/10.2.0/liblto_plugin.so] ==> ignore
    arg [-plugin-opt=/usr/lib/gcc/x86_64-pc-linux-gnu/10.2.0/lto-wrapper] ==> ignore
    arg [-plugin-opt=-fresolution=/tmp/ccDsBJqF.res] ==> ignore
    arg [-plugin-opt=-pass-through=-lgcc] ==> ignore
    arg [-plugin-opt=-pass-through=-lgcc_s] ==> ignore
    arg [-plugin-opt=-pass-through=-lc] ==> ignore
    arg [-plugin-opt=-pass-through=-lgcc] ==> ignore
    arg [-plugin-opt=-pass-through=-lgcc_s] ==> ignore
    arg [--build-id] ==> ignore
    arg [--eh-frame-hdr] ==> ignore
    arg [--hash-style=gnu] ==> ignore
    arg [-m] ==> ignore
    arg [elf_x86_64] ==> ignore
    arg [-dynamic-linker] ==> ignore
    arg [/lib64/ld-linux-x86-64.so.2] ==> ignore
    arg [-pie] ==> ignore
    arg [-o] ==> ignore
    arg [cmTC_82eeb] ==> ignore
    arg [/usr/lib/gcc/x86_64-pc-linux-gnu/10.2.0/../../../../lib/Scrt1.o] ==> ignore
    arg [/usr/lib/gcc/x86_64-pc-linux-gnu/10.2.0/../../../../lib/crti.o] ==> ignore
    arg [/usr/lib/gcc/x86_64-pc-linux-gnu/10.2.0/crtbeginS.o] ==> ignore
    arg [-L/usr/lib/gcc/x86_64-pc-linux-gnu/10.2.0] ==> dir [/usr/lib/gcc/x86_64-pc-linux-gnu/10.2.0]
    arg [-L/usr/lib/gcc/x86_64-pc-linux-gnu/10.2.0/../../../../lib] ==> dir [/usr/lib/gcc/x86_64-pc-linux-gnu/10.2.0/../../../../lib]
    arg [-L/lib/../lib] ==> dir [/lib/../lib]
    arg [-L/usr/lib/../lib] ==> dir [/usr/lib/../lib]
    arg [-L/usr/lib/gcc/x86_64-pc-linux-gnu/10.2.0/../../..] ==> dir [/usr/lib/gcc/x86_64-pc-linux-gnu/10.2.0/../../..]
    arg [-O1] ==> ignore
    arg [--sort-common] ==> ignore
    arg [--as-needed] ==> ignore
    arg [-zrelro] ==> ignore
    arg [-znow] ==> ignore
    arg [CMakeFiles/cmTC_82eeb.dir/CMakeCCompilerABI.c.o] ==> ignore
    arg [-lgcc] ==> lib [gcc]
    arg [--push-state] ==> ignore
    arg [--as-needed] ==> ignore
    arg [-lgcc_s] ==> lib [gcc_s]
    arg [--pop-state] ==> ignore
    arg [-lc] ==> lib [c]
    arg [-lgcc] ==> lib [gcc]
    arg [--push-state] ==> ignore
    arg [--as-needed] ==> ignore
    arg [-lgcc_s] ==> lib [gcc_s]
    arg [--pop-state] ==> ignore
    arg [/usr/lib/gcc/x86_64-pc-linux-gnu/10.2.0/crtendS.o] ==> ignore
    arg [/usr/lib/gcc/x86_64-pc-linux-gnu/10.2.0/../../../../lib/crtn.o] ==> ignore
  collapse library dir [/usr/lib/gcc/x86_64-pc-linux-gnu/10.2.0] ==> [/usr/lib/gcc/x86_64-pc-linux-gnu/10.2.0]
  collapse library dir [/usr/lib/gcc/x86_64-pc-linux-gnu/10.2.0/../../../../lib] ==> [/usr/lib]
  collapse library dir [/lib/../lib] ==> [/lib]
  collapse library dir [/usr/lib/../lib] ==> [/usr/lib]
  collapse library dir [/usr/lib/gcc/x86_64-pc-linux-gnu/10.2.0/../../..] ==> [/usr/lib]
  implicit libs: [gcc;gcc_s;c;gcc;gcc_s]
  implicit dirs: [/usr/lib/gcc/x86_64-pc-linux-gnu/10.2.0;/usr/lib;/lib]
  implicit fwks: []


Determining if the __GNU_LIBRARY__ exist passed with the following output:
Change Dir: /mnt/storage/pkgbuilds/liborcania/src/build/CMakeFiles/CMakeTmp

Run Build Command(s):/usr/bin/make cmTC_15bdf/fast && /usr/bin/make  -f CMakeFiles/cmTC_15bdf.dir/build.make CMakeFiles/cmTC_15bdf.dir/build
make[1]: Entering directory '/mnt/storage/pkgbuilds/liborcania/src/build/CMakeFiles/CMakeTmp'
Building C object CMakeFiles/cmTC_15bdf.dir/CheckSymbolExists.c.o
/usr/lib/ccache/bin/cc   -D_FORTIFY_SOURCE=2 -march=x86-64 -mtune=generic -O2 -pipe -fno-plt -Wall -Werror  -o CMakeFiles/cmTC_15bdf.dir/CheckSymbolExists.c.o -c /mnt/storage/pkgbuilds/liborcania/src/build/CMakeFiles/CMakeTmp/CheckSymbolExists.c
Linking C executable cmTC_15bdf
/usr/bin/cmake -E cmake_link_script CMakeFiles/cmTC_15bdf.dir/link.txt --verbose=1
/usr/lib/ccache/bin/cc -D_FORTIFY_SOURCE=2 -march=x86-64 -mtune=generic -O2 -pipe -fno-plt -Wall -Werror  -Wl,-O1,--sort-common,--as-needed,-z,relro,-z,now  CMakeFiles/cmTC_15bdf.dir/CheckSymbolExists.c.o -o cmTC_15bdf 
make[1]: Leaving directory '/mnt/storage/pkgbuilds/liborcania/src/build/CMakeFiles/CMakeTmp'


File /mnt/storage/pkgbuilds/liborcania/src/build/CMakeFiles/CMakeTmp/CheckSymbolExists.c:
/* */
#include <features.h>

int main(int argc, char** argv)
{
  (void)argv;
#ifndef __GNU_LIBRARY__
  return ((int*)(&__GNU_LIBRARY__))[argc];
#else
  (void)argc;
  return 0;
#endif
}
